<?xml version="1.0" encoding="UTF-8"?>
<!-- Generated by org.testng.reporters.JUnitReportReporter -->
<testsuite hostname="DESKTOP-EIT54MR" failures="0" tests="1" name="rahulshettyacademy.tests.ErrorValidations" time="8.271" errors="0" timestamp="2024-10-21T20:54:00 CST" skipped="0">
  <testcase classname="rahulshettyacademy.tests.ErrorValidations" name="submitOrder" time="8.271"/>
</testsuite> <!-- rahulshettyacademy.tests.ErrorValidations -->
