<?xml version="1.0" encoding="UTF-8"?>
<!-- Generated by org.testng.reporters.JUnitReportReporter -->
<testsuite hostname="DESKTOP-EIT54MR" failures="0" tests="3" name="rahulshettyacademy.tests.SubmitOrderTest" time="39.913" errors="0" timestamp="2024-10-26T10:17:24 CST" skipped="0">
  <testcase classname="rahulshettyacademy.tests.SubmitOrderTest" name="OrderHistoryTest" time="8.684"/>
  <testcase classname="rahulshettyacademy.tests.SubmitOrderTest" name="submitOrder" time="16.216"/>
  <testcase classname="rahulshettyacademy.tests.SubmitOrderTest" name="submitOrder" time="15.013"/>
</testsuite> <!-- rahulshettyacademy.tests.SubmitOrderTest -->
