<?xml version="1.0" encoding="UTF-8"?>
<!-- Generated by org.testng.reporters.JUnitReportReporter -->
<testsuite hostname="DESKTOP-EIT54MR" failures="0" tests="3" name="rahulshettyacademy.tests.SubmitOrderTest" time="35.590" errors="0" timestamp="2024-10-29T20:22:01 CST" skipped="0">
  <testcase classname="rahulshettyacademy.tests.SubmitOrderTest" name="submitOrder" time="13.356"/>
  <testcase classname="rahulshettyacademy.tests.SubmitOrderTest" name="submitOrder" time="12.646"/>
  <testcase classname="rahulshettyacademy.tests.SubmitOrderTest" name="OrderHistoryTest" time="9.588"/>
</testsuite> <!-- rahulshettyacademy.tests.SubmitOrderTest -->
