<?xml version="1.0" encoding="UTF-8"?>
<!-- Generated by org.testng.reporters.JUnitReportReporter -->
<testsuite hostname="DESKTOP-EIT54MR" failures="0" tests="1" name="cucumber.TestNGTestRunner" time="12.442" errors="0" timestamp="2024-11-20T20:37:18 CST" skipped="0">
  <testcase classname="cucumber.TestNGTestRunner" name="runScenario" time="12.442"/>
</testsuite> <!-- cucumber.TestNGTestRunner -->
